# JRE version: Java(TM) SE Runtime Environment (8.0_60-b27) (build 1.8.0_60-b27)
# Java VM: Java HotSpot(TM) 64-Bit Server VM (25.60-b23 mixed mode windows-amd64 compressed oops)
Heap:
 PSYoungGen      total 184320K, used 68529K [0x00000000eb700000, 0x00000000f7b00000, 0x0000000100000000)
  eden space 172032K, 33% used [0x00000000eb700000,0x00000000eeff7c38,0x00000000f5f00000)
  from space 12288K, 82% used [0x00000000f6f00000,0x00000000f78f4b00,0x00000000f7b00000)
  to   space 14336K, 0% used [0x00000000f5f00000,0x00000000f5f00000,0x00000000f6d00000)
 ParOldGen       total 49664K, used 25912K [0x00000000c2400000, 0x00000000c5480000, 0x00000000eb700000)
  object space 49664K, 52% used [0x00000000c2400000,0x00000000c3d4e3c0,0x00000000c5480000)
 Metaspace       used 48452K, capacity 49858K, committed 50048K, reserved 1091584K
  class space    used 6568K, capacity 6914K, committed 7040K, reserved 1048576K
GC Heap History (10 events):
Event: 27.276 GC heap before
{Heap before GC invocations=12 (full 1):
 PSYoungGen      total 93696K, used 93661K [0x00000000eb700000, 0x00000000f1c80000, 0x0000000100000000)
  eden space 86016K, 100% used [0x00000000eb700000,0x00000000f0b00000,0x00000000f0b00000)
  from space 7680K, 99% used [0x00000000f1500000,0x00000000f1c775d0,0x00000000f1c80000)
  to   space 8704K, 0% used [0x00000000f0b80000,0x00000000f0b80000,0x00000000f1400000)
 ParOldGen       total 33280K, used 9774K [0x00000000c2400000, 0x00000000c4480000, 0x00000000eb700000)
  object space 33280K, 29% used [0x00000000c2400000,0x00000000c2d8baf0,0x00000000c4480000)
 Metaspace       used 34691K, capacity 35272K, committed 35456K, reserved 1079296K
  class space    used 4723K, capacity 4925K, committed 4992K, reserved 1048576K
Event: 27.311 GC heap after
Heap after GC invocations=12 (full 1):
 PSYoungGen      total 95232K, used 8686K [0x00000000eb700000, 0x00000000f4100000, 0x0000000100000000)
  eden space 86528K, 0% used [0x00000000eb700000,0x00000000eb700000,0x00000000f0b80000)
  from space 8704K, 99% used [0x00000000f0b80000,0x00000000f13fb900,0x00000000f1400000)
  to   space 11776K, 0% used [0x00000000f3580000,0x00000000f3580000,0x00000000f4100000)
 ParOldGen       total 33280K, used 15047K [0x00000000c2400000, 0x00000000c4480000, 0x00000000eb700000)
  object space 33280K, 45% used [0x00000000c2400000,0x00000000c32b1c10,0x00000000c4480000)
 Metaspace       used 34691K, capacity 35272K, committed 35456K, reserved 1079296K
  class space    used 4723K, capacity 4925K, committed 4992K, reserved 1048576K
}
Event: 27.365 GC heap before
{Heap before GC invocations=13 (full 1):
 PSYoungGen      total 95232K, used 13866K [0x00000000eb700000, 0x00000000f4100000, 0x0000000100000000)
  eden space 86528K, 5% used [0x00000000eb700000,0x00000000ebc0ef30,0x00000000f0b80000)
  from space 8704K, 99% used [0x00000000f0b80000,0x00000000f13fb900,0x00000000f1400000)
  to   space 11776K, 0% used [0x00000000f3580000,0x00000000f3580000,0x00000000f4100000)
 ParOldGen       total 33280K, used 15047K [0x00000000c2400000, 0x00000000c4480000, 0x00000000eb700000)
  object space 33280K, 45% used [0x00000000c2400000,0x00000000c32b1c10,0x00000000c4480000)
 Metaspace       used 34743K, capacity 35272K, committed 35456K, reserved 1079296K
  class space    used 4730K, capacity 4925K, committed 4992K, reserved 1048576K
Event: 27.391 GC heap after
Heap after GC invocations=13 (full 1):
 PSYoungGen      total 129536K, used 448K [0x00000000eb700000, 0x00000000f5000000, 0x0000000100000000)
  eden space 117760K, 0% used [0x00000000eb700000,0x00000000eb700000,0x00000000f2a00000)
  from space 11776K, 3% used [0x00000000f3580000,0x00000000f35f0000,0x00000000f4100000)
  to   space 11776K, 0% used [0x00000000f2a00000,0x00000000f2a00000,0x00000000f3580000)
 ParOldGen       total 33280K, used 22125K [0x00000000c2400000, 0x00000000c4480000, 0x00000000eb700000)
  object space 33280K, 66% used [0x00000000c2400000,0x00000000c399b530,0x00000000c4480000)
 Metaspace       used 34743K, capacity 35272K, committed 35456K, reserved 1079296K
  class space    used 4730K, capacity 4925K, committed 4992K, reserved 1048576K
}
Event: 27.391 GC heap before
{Heap before GC invocations=14 (full 2):
 PSYoungGen      total 129536K, used 448K [0x00000000eb700000, 0x00000000f5000000, 0x0000000100000000)
  eden space 117760K, 0% used [0x00000000eb700000,0x00000000eb700000,0x00000000f2a00000)
  from space 11776K, 3% used [0x00000000f3580000,0x00000000f35f0000,0x00000000f4100000)
  to   space 11776K, 0% used [0x00000000f2a00000,0x00000000f2a00000,0x00000000f3580000)
 ParOldGen       total 33280K, used 22125K [0x00000000c2400000, 0x00000000c4480000, 0x00000000eb700000)
  object space 33280K, 66% used [0x00000000c2400000,0x00000000c399b530,0x00000000c4480000)
 Metaspace       used 34743K, capacity 35272K, committed 35456K, reserved 1079296K
  class space    used 4730K, capacity 4925K, committed 4992K, reserved 1048576K
Event: 27.725 GC heap after
Heap after GC invocations=14 (full 2):
 PSYoungGen      total 129536K, used 0K [0x00000000eb700000, 0x00000000f5000000, 0x0000000100000000)
  eden space 117760K, 0% used [0x00000000eb700000,0x00000000eb700000,0x00000000f2a00000)
  from space 11776K, 0% used [0x00000000f3580000,0x00000000f3580000,0x00000000f4100000)
  to   space 11776K, 0% used [0x00000000f2a00000,0x00000000f2a00000,0x00000000f3580000)
 ParOldGen       total 49664K, used 19398K [0x00000000c2400000, 0x00000000c5480000, 0x00000000eb700000)
  object space 49664K, 39% used [0x00000000c2400000,0x00000000c36f1b00,0x00000000c5480000)
 Metaspace       used 34743K, capacity 35272K, committed 35456K, reserved 1079296K
  class space    used 4730K, capacity 4925K, committed 4992K, reserved 1048576K
}
Event: 35.011 GC heap before
{Heap before GC invocations=15 (full 2):
 PSYoungGen      total 129536K, used 117760K [0x00000000eb700000, 0x00000000f5000000, 0x0000000100000000)
  eden space 117760K, 100% used [0x00000000eb700000,0x00000000f2a00000,0x00000000f2a00000)
  from space 11776K, 0% used [0x00000000f3580000,0x00000000f3580000,0x00000000f4100000)
  to   space 11776K, 0% used [0x00000000f2a00000,0x00000000f2a00000,0x00000000f3580000)
 ParOldGen       total 49664K, used 19398K [0x00000000c2400000, 0x00000000c5480000, 0x00000000eb700000)
  object space 49664K, 39% used [0x00000000c2400000,0x00000000c36f1b00,0x00000000c5480000)
 Metaspace       used 43723K, capacity 44700K, committed 44928K, reserved 1087488K
  class space    used 5935K, capacity 6160K, committed 6272K, reserved 1048576K
Event: 35.045 GC heap after
Heap after GC invocations=15 (full 2):
 PSYoungGen      total 129536K, used 10857K [0x00000000eb700000, 0x00000000f7c00000, 0x0000000100000000)
  eden space 117760K, 0% used [0x00000000eb700000,0x00000000eb700000,0x00000000f2a00000)
  from space 11776K, 92% used [0x00000000f2a00000,0x00000000f349a758,0x00000000f3580000)
  to   space 13312K, 0% used [0x00000000f6f00000,0x00000000f6f00000,0x00000000f7c00000)
 ParOldGen       total 49664K, used 19406K [0x00000000c2400000, 0x00000000c5480000, 0x00000000eb700000)
  object space 49664K, 39% used [0x00000000c2400000,0x00000000c36f3b00,0x00000000c5480000)
 Metaspace       used 43723K, capacity 44700K, committed 44928K, reserved 1087488K
  class space    used 5935K, capacity 6160K, committed 6272K, reserved 1048576K
}
Event: 38.537 GC heap before
{Heap before GC invocations=16 (full 2):
 PSYoungGen      total 129536K, used 128617K [0x00000000eb700000, 0x00000000f7c00000, 0x0000000100000000)
  eden space 117760K, 100% used [0x00000000eb700000,0x00000000f2a00000,0x00000000f2a00000)
  from space 11776K, 92% used [0x00000000f2a00000,0x00000000f349a758,0x00000000f3580000)
  to   space 13312K, 0% used [0x00000000f6f00000,0x00000000f6f00000,0x00000000f7c00000)
 ParOldGen       total 49664K, used 19406K [0x00000000c2400000, 0x00000000c5480000, 0x00000000eb700000)
  object space 49664K, 39% used [0x00000000c2400000,0x00000000c36f3b00,0x00000000c5480000)
 Metaspace       used 47995K, capacity 49418K, committed 49664K, reserved 1091584K
  class space    used 6513K, capacity 6842K, committed 6912K, reserved 1048576K
Event: 38.569 GC heap after
Heap after GC invocations=16 (full 2):
 PSYoungGen      total 184320K, used 10194K [0x00000000eb700000, 0x00000000f7b00000, 0x0000000100000000)
  eden space 172032K, 0% used [0x00000000eb700000,0x00000000eb700000,0x00000000f5f00000)
  from space 12288K, 82% used [0x00000000f6f00000,0x00000000f78f4b00,0x00000000f7b00000)
  to   space 14336K, 0% used [0x00000000f5f00000,0x00000000f5f00000,0x00000000f6d00000)
 ParOldGen       total 49664K, used 25912K [0x00000000c2400000, 0x00000000c5480000, 0x00000000eb700000)
  object space 49664K, 52% used [0x00000000c2400000,0x00000000c3d4e3c0,0x00000000c5480000)
 Metaspace       used 47995K, capacity 49418K, committed 49664K, reserved 1091584K
  class space    used 6513K, capacity 6842K, committed 6912K, reserved 1048576K
}

