# JRE version: Java(TM) SE Runtime Environment (8.0_60-b27) (build 1.8.0_60-b27)
# Java VM: Java HotSpot(TM) 64-Bit Server VM (25.60-b23 mixed mode windows-amd64 compressed oops)
Heap:
 PSYoungGen      total 282112K, used 274633K [0x00000000eb700000, 0x00000000fe400000, 0x0000000100000000)
  eden space 269312K, 98% used [0x00000000eb700000,0x00000000fbb39c78,0x00000000fbe00000)
  from space 12800K, 63% used [0x00000000fd780000,0x00000000fdf78b30,0x00000000fe400000)
  to   space 19456K, 0% used [0x00000000fbe00000,0x00000000fbe00000,0x00000000fd100000)
 ParOldGen       total 91136K, used 53045K [0x00000000c2400000, 0x00000000c7d00000, 0x00000000eb700000)
  object space 91136K, 58% used [0x00000000c2400000,0x00000000c57cd4b0,0x00000000c7d00000)
 Metaspace       used 67190K, capacity 69114K, committed 69248K, reserved 1110016K
  class space    used 8363K, capacity 8817K, committed 8832K, reserved 1048576K
GC Heap History (10 events):
Event: 33.793 GC heap before
{Heap before GC invocations=17 (full 2):
 PSYoungGen      total 173056K, used 170716K [0x00000000eb700000, 0x00000000f6f00000, 0x0000000100000000)
  eden space 160768K, 100% used [0x00000000eb700000,0x00000000f5400000,0x00000000f5400000)
  from space 12288K, 80% used [0x00000000f6300000,0x00000000f6cb7268,0x00000000f6f00000)
  to   space 13824K, 0% used [0x00000000f5400000,0x00000000f5400000,0x00000000f6180000)
 ParOldGen       total 52224K, used 24341K [0x00000000c2400000, 0x00000000c5700000, 0x00000000eb700000)
  object space 52224K, 46% used [0x00000000c2400000,0x00000000c3bc5778,0x00000000c5700000)
 Metaspace       used 50794K, capacity 52334K, committed 52608K, reserved 1095680K
  class space    used 6837K, capacity 7211K, committed 7296K, reserved 1048576K
Event: 33.839 GC heap after
Heap after GC invocations=17 (full 2):
 PSYoungGen      total 174592K, used 13813K [0x00000000eb700000, 0x00000000fbc00000, 0x0000000100000000)
  eden space 160768K, 0% used [0x00000000eb700000,0x00000000eb700000,0x00000000f5400000)
  from space 13824K, 99% used [0x00000000f5400000,0x00000000f617d610,0x00000000f6180000)
  to   space 19456K, 0% used [0x00000000fa900000,0x00000000fa900000,0x00000000fbc00000)
 ParOldGen       total 52224K, used 33517K [0x00000000c2400000, 0x00000000c5700000, 0x00000000eb700000)
  object space 52224K, 64% used [0x00000000c2400000,0x00000000c44bb6f0,0x00000000c5700000)
 Metaspace       used 50794K, capacity 52334K, committed 52608K, reserved 1095680K
  class space    used 6837K, capacity 7211K, committed 7296K, reserved 1048576K
}
Event: 44.321 GC heap before
{Heap before GC invocations=18 (full 2):
 PSYoungGen      total 174592K, used 174581K [0x00000000eb700000, 0x00000000fbc00000, 0x0000000100000000)
  eden space 160768K, 100% used [0x00000000eb700000,0x00000000f5400000,0x00000000f5400000)
  from space 13824K, 99% used [0x00000000f5400000,0x00000000f617d610,0x00000000f6180000)
  to   space 19456K, 0% used [0x00000000fa900000,0x00000000fa900000,0x00000000fbc00000)
 ParOldGen       total 52224K, used 33517K [0x00000000c2400000, 0x00000000c5700000, 0x00000000eb700000)
  object space 52224K, 64% used [0x00000000c2400000,0x00000000c44bb6f0,0x00000000c5700000)
 Metaspace       used 52912K, capacity 54568K, committed 54912K, reserved 1097728K
  class space    used 7055K, capacity 7450K, committed 7552K, reserved 1048576K
Event: 44.351 GC heap after
Heap after GC invocations=18 (full 2):
 PSYoungGen      total 235520K, used 3183K [0x00000000eb700000, 0x00000000fb580000, 0x0000000100000000)
  eden space 222720K, 0% used [0x00000000eb700000,0x00000000eb700000,0x00000000f9080000)
  from space 12800K, 24% used [0x00000000fa900000,0x00000000fac1bfe8,0x00000000fb580000)
  to   space 18944K, 0% used [0x00000000f9080000,0x00000000f9080000,0x00000000fa300000)
 ParOldGen       total 52224K, used 45305K [0x00000000c2400000, 0x00000000c5700000, 0x00000000eb700000)
  object space 52224K, 86% used [0x00000000c2400000,0x00000000c503e710,0x00000000c5700000)
 Metaspace       used 52912K, capacity 54568K, committed 54912K, reserved 1097728K
  class space    used 7055K, capacity 7450K, committed 7552K, reserved 1048576K
}
Event: 44.351 GC heap before
{Heap before GC invocations=19 (full 3):
 PSYoungGen      total 235520K, used 3183K [0x00000000eb700000, 0x00000000fb580000, 0x0000000100000000)
  eden space 222720K, 0% used [0x00000000eb700000,0x00000000eb700000,0x00000000f9080000)
  from space 12800K, 24% used [0x00000000fa900000,0x00000000fac1bfe8,0x00000000fb580000)
  to   space 18944K, 0% used [0x00000000f9080000,0x00000000f9080000,0x00000000fa300000)
 ParOldGen       total 52224K, used 45305K [0x00000000c2400000, 0x00000000c5700000, 0x00000000eb700000)
  object space 52224K, 86% used [0x00000000c2400000,0x00000000c503e710,0x00000000c5700000)
 Metaspace       used 52912K, capacity 54568K, committed 54912K, reserved 1097728K
  class space    used 7055K, capacity 7450K, committed 7552K, reserved 1048576K
Event: 45.007 GC heap after
Heap after GC invocations=19 (full 3):
 PSYoungGen      total 235520K, used 0K [0x00000000eb700000, 0x00000000fb580000, 0x0000000100000000)
  eden space 222720K, 0% used [0x00000000eb700000,0x00000000eb700000,0x00000000f9080000)
  from space 12800K, 0% used [0x00000000fa900000,0x00000000fa900000,0x00000000fb580000)
  to   space 18944K, 0% used [0x00000000f9080000,0x00000000f9080000,0x00000000fa300000)
 ParOldGen       total 91136K, used 46015K [0x00000000c2400000, 0x00000000c7d00000, 0x00000000eb700000)
  object space 91136K, 50% used [0x00000000c2400000,0x00000000c50efdf8,0x00000000c7d00000)
 Metaspace       used 52912K, capacity 54568K, committed 54912K, reserved 1097728K
  class space    used 7055K, capacity 7450K, committed 7552K, reserved 1048576K
}
Event: 103.160 GC heap before
{Heap before GC invocations=20 (full 3):
 PSYoungGen      total 235520K, used 222720K [0x00000000eb700000, 0x00000000fb580000, 0x0000000100000000)
  eden space 222720K, 100% used [0x00000000eb700000,0x00000000f9080000,0x00000000f9080000)
  from space 12800K, 0% used [0x00000000fa900000,0x00000000fa900000,0x00000000fb580000)
  to   space 18944K, 0% used [0x00000000f9080000,0x00000000f9080000,0x00000000fa300000)
 ParOldGen       total 91136K, used 46015K [0x00000000c2400000, 0x00000000c7d00000, 0x00000000eb700000)
  object space 91136K, 50% used [0x00000000c2400000,0x00000000c50efdf8,0x00000000c7d00000)
 Metaspace       used 65379K, capacity 67120K, committed 67456K, reserved 1107968K
  class space    used 8318K, capacity 8746K, committed 8832K, reserved 1048576K
Event: 103.186 GC heap after
Heap after GC invocations=20 (full 3):
 PSYoungGen      total 241664K, used 14648K [0x00000000eb700000, 0x00000000feb80000, 0x0000000100000000)
  eden space 222720K, 0% used [0x00000000eb700000,0x00000000eb700000,0x00000000f9080000)
  from space 18944K, 77% used [0x00000000f9080000,0x00000000f9ece068,0x00000000fa300000)
  to   space 20480K, 0% used [0x00000000fd780000,0x00000000fd780000,0x00000000feb80000)
 ParOldGen       total 91136K, used 46031K [0x00000000c2400000, 0x00000000c7d00000, 0x00000000eb700000)
  object space 91136K, 50% used [0x00000000c2400000,0x00000000c50f3df8,0x00000000c7d00000)
 Metaspace       used 65379K, capacity 67120K, committed 67456K, reserved 1107968K
  class space    used 8318K, capacity 8746K, committed 8832K, reserved 1048576K
}
Event: 140.946 GC heap before
{Heap before GC invocations=21 (full 3):
 PSYoungGen      total 241664K, used 237368K [0x00000000eb700000, 0x00000000feb80000, 0x0000000100000000)
  eden space 222720K, 100% used [0x00000000eb700000,0x00000000f9080000,0x00000000f9080000)
  from space 18944K, 77% used [0x00000000f9080000,0x00000000f9ece068,0x00000000fa300000)
  to   space 20480K, 0% used [0x00000000fd780000,0x00000000fd780000,0x00000000feb80000)
 ParOldGen       total 91136K, used 46031K [0x00000000c2400000, 0x00000000c7d00000, 0x00000000eb700000)
  object space 91136K, 50% used [0x00000000c2400000,0x00000000c50f3df8,0x00000000c7d00000)
 Metaspace       used 66253K, capacity 68108K, committed 68224K, reserved 1107968K
  class space    used 8347K, capacity 8772K, committed 8832K, reserved 1048576K
Event: 141.034 GC heap after
Heap after GC invocations=21 (full 3):
 PSYoungGen      total 282112K, used 8162K [0x00000000eb700000, 0x00000000fe400000, 0x0000000100000000)
  eden space 269312K, 0% used [0x00000000eb700000,0x00000000eb700000,0x00000000fbe00000)
  from space 12800K, 63% used [0x00000000fd780000,0x00000000fdf78b30,0x00000000fe400000)
  to   space 19456K, 0% used [0x00000000fbe00000,0x00000000fbe00000,0x00000000fd100000)
 ParOldGen       total 91136K, used 53045K [0x00000000c2400000, 0x00000000c7d00000, 0x00000000eb700000)
  object space 91136K, 58% used [0x00000000c2400000,0x00000000c57cd4b0,0x00000000c7d00000)
 Metaspace       used 66253K, capacity 68108K, committed 68224K, reserved 1107968K
  class space    used 8347K, capacity 8772K, committed 8832K, reserved 1048576K
}

