# JRE version: Java(TM) SE Runtime Environment (8.0_60-b27) (build 1.8.0_60-b27)
# Java VM: Java HotSpot(TM) 64-Bit Server VM (25.60-b23 mixed mode windows-amd64 compressed oops)
Heap:
 PSYoungGen      total 139776K, used 20317K [0x00000000eab00000, 0x00000000f4900000, 0x0000000100000000)
  eden space 121856K, 6% used [0x00000000eab00000,0x00000000eb264190,0x00000000f2200000)
  from space 17920K, 71% used [0x00000000f2200000,0x00000000f2e732b8,0x00000000f3380000)
  to   space 13824K, 0% used [0x00000000f3380000,0x00000000f3380000,0x00000000f4100000)
 ParOldGen       total 45056K, used 44735K [0x00000000c0000000, 0x00000000c2c00000, 0x00000000eab00000)
  object space 45056K, 99% used [0x00000000c0000000,0x00000000c2baff60,0x00000000c2c00000)
 Metaspace       used 6247K, capacity 7216K, committed 7296K, reserved 1056768K
  class space    used 603K, capacity 616K, committed 640K, reserved 1048576K
GC Heap History (10 events):
Event: 7.190 GC heap before
{Heap before GC invocations=6 (full 0):
 PSYoungGen      total 34304K, used 34304K [0x00000000eab00000, 0x00000000ef900000, 0x0000000100000000)
  eden space 31744K, 100% used [0x00000000eab00000,0x00000000eca00000,0x00000000eca00000)
  from space 2560K, 100% used [0x00000000eca00000,0x00000000ecc80000,0x00000000ecc80000)
  to   space 8192K, 0% used [0x00000000ef100000,0x00000000ef100000,0x00000000ef900000)
 ParOldGen       total 42496K, used 15468K [0x00000000c0000000, 0x00000000c2980000, 0x00000000eab00000)
  object space 42496K, 36% used [0x00000000c0000000,0x00000000c0f1b398,0x00000000c2980000)
 Metaspace       used 6095K, capacity 7152K, committed 7296K, reserved 1056768K
  class space    used 582K, capacity 616K, committed 640K, reserved 1048576K
Event: 7.324 GC heap after
Heap after GC invocations=6 (full 0):
 PSYoungGen      total 71168K, used 7441K [0x00000000eab00000, 0x00000000efa00000, 0x0000000100000000)
  eden space 62976K, 0% used [0x00000000eab00000,0x00000000eab00000,0x00000000ee880000)
  from space 8192K, 90% used [0x00000000ef100000,0x00000000ef844510,0x00000000ef900000)
  to   space 8704K, 0% used [0x00000000ee880000,0x00000000ee880000,0x00000000ef100000)
 ParOldGen       total 42496K, used 15468K [0x00000000c0000000, 0x00000000c2980000, 0x00000000eab00000)
  object space 42496K, 36% used [0x00000000c0000000,0x00000000c0f1b398,0x00000000c2980000)
 Metaspace       used 6095K, capacity 7152K, committed 7296K, reserved 1056768K
  class space    used 582K, capacity 616K, committed 640K, reserved 1048576K
}
Event: 8.574 GC heap before
{Heap before GC invocations=7 (full 0):
 PSYoungGen      total 71168K, used 70417K [0x00000000eab00000, 0x00000000efa00000, 0x0000000100000000)
  eden space 62976K, 100% used [0x00000000eab00000,0x00000000ee880000,0x00000000ee880000)
  from space 8192K, 90% used [0x00000000ef100000,0x00000000ef844510,0x00000000ef900000)
  to   space 8704K, 0% used [0x00000000ee880000,0x00000000ee880000,0x00000000ef100000)
 ParOldGen       total 42496K, used 15468K [0x00000000c0000000, 0x00000000c2980000, 0x00000000eab00000)
  object space 42496K, 36% used [0x00000000c0000000,0x00000000c0f1b398,0x00000000c2980000)
 Metaspace       used 6211K, capacity 7216K, committed 7296K, reserved 1056768K
  class space    used 602K, capacity 616K, committed 640K, reserved 1048576K
Event: 8.848 GC heap after
Heap after GC invocations=7 (full 0):
 PSYoungGen      total 71680K, used 8692K [0x00000000eab00000, 0x00000000f4100000, 0x0000000100000000)
  eden space 62976K, 0% used [0x00000000eab00000,0x00000000eab00000,0x00000000ee880000)
  from space 8704K, 99% used [0x00000000ee880000,0x00000000ef0fd090,0x00000000ef100000)
  to   space 13824K, 0% used [0x00000000f3380000,0x00000000f3380000,0x00000000f4100000)
 ParOldGen       total 42496K, used 23836K [0x00000000c0000000, 0x00000000c2980000, 0x00000000eab00000)
  object space 42496K, 56% used [0x00000000c0000000,0x00000000c1747040,0x00000000c2980000)
 Metaspace       used 6211K, capacity 7216K, committed 7296K, reserved 1056768K
  class space    used 602K, capacity 616K, committed 640K, reserved 1048576K
}
Event: 10.574 GC heap before
{Heap before GC invocations=8 (full 0):
 PSYoungGen      total 71680K, used 71668K [0x00000000eab00000, 0x00000000f4100000, 0x0000000100000000)
  eden space 62976K, 100% used [0x00000000eab00000,0x00000000ee880000,0x00000000ee880000)
  from space 8704K, 99% used [0x00000000ee880000,0x00000000ef0fd090,0x00000000ef100000)
  to   space 13824K, 0% used [0x00000000f3380000,0x00000000f3380000,0x00000000f4100000)
 ParOldGen       total 42496K, used 23836K [0x00000000c0000000, 0x00000000c2980000, 0x00000000eab00000)
  object space 42496K, 56% used [0x00000000c0000000,0x00000000c1747040,0x00000000c2980000)
 Metaspace       used 6232K, capacity 7216K, committed 7296K, reserved 1056768K
  class space    used 603K, capacity 616K, committed 640K, reserved 1048576K
Event: 10.694 GC heap after
Heap after GC invocations=8 (full 0):
 PSYoungGen      total 135680K, used 13809K [0x00000000eab00000, 0x00000000f4900000, 0x0000000100000000)
  eden space 121856K, 0% used [0x00000000eab00000,0x00000000eab00000,0x00000000f2200000)
  from space 13824K, 99% used [0x00000000f3380000,0x00000000f40fc518,0x00000000f4100000)
  to   space 17920K, 0% used [0x00000000f2200000,0x00000000f2200000,0x00000000f3380000)
 ParOldGen       total 42496K, used 28403K [0x00000000c0000000, 0x00000000c2980000, 0x00000000eab00000)
  object space 42496K, 66% used [0x00000000c0000000,0x00000000c1bbcc48,0x00000000c2980000)
 Metaspace       used 6232K, capacity 7216K, committed 7296K, reserved 1056768K
  class space    used 603K, capacity 616K, committed 640K, reserved 1048576K
}
Event: 13.041 GC heap before
{Heap before GC invocations=9 (full 0):
 PSYoungGen      total 135680K, used 135665K [0x00000000eab00000, 0x00000000f4900000, 0x0000000100000000)
  eden space 121856K, 100% used [0x00000000eab00000,0x00000000f2200000,0x00000000f2200000)
  from space 13824K, 99% used [0x00000000f3380000,0x00000000f40fc518,0x00000000f4100000)
  to   space 17920K, 0% used [0x00000000f2200000,0x00000000f2200000,0x00000000f3380000)
 ParOldGen       total 42496K, used 28403K [0x00000000c0000000, 0x00000000c2980000, 0x00000000eab00000)
  object space 42496K, 66% used [0x00000000c0000000,0x00000000c1bbcc48,0x00000000c2980000)
 Metaspace       used 6246K, capacity 7216K, committed 7296K, reserved 1056768K
  class space    used 603K, capacity 616K, committed 640K, reserved 1048576K
Event: 13.336 GC heap after
Heap after GC invocations=9 (full 0):
 PSYoungGen      total 139776K, used 17911K [0x00000000eab00000, 0x00000000f4900000, 0x0000000100000000)
  eden space 121856K, 0% used [0x00000000eab00000,0x00000000eab00000,0x00000000f2200000)
  from space 17920K, 99% used [0x00000000f2200000,0x00000000f337df00,0x00000000f3380000)
  to   space 13824K, 0% used [0x00000000f3380000,0x00000000f3380000,0x00000000f4100000)
 ParOldGen       total 45056K, used 44972K [0x00000000c0000000, 0x00000000c2c00000, 0x00000000eab00000)
  object space 45056K, 99% used [0x00000000c0000000,0x00000000c2beb320,0x00000000c2c00000)
 Metaspace       used 6246K, capacity 7216K, committed 7296K, reserved 1056768K
  class space    used 603K, capacity 616K, committed 640K, reserved 1048576K
}
Event: 13.336 GC heap before
{Heap before GC invocations=10 (full 1):
 PSYoungGen      total 139776K, used 17911K [0x00000000eab00000, 0x00000000f4900000, 0x0000000100000000)
  eden space 121856K, 0% used [0x00000000eab00000,0x00000000eab00000,0x00000000f2200000)
  from space 17920K, 99% used [0x00000000f2200000,0x00000000f337df00,0x00000000f3380000)
  to   space 13824K, 0% used [0x00000000f3380000,0x00000000f3380000,0x00000000f4100000)
 ParOldGen       total 45056K, used 44972K [0x00000000c0000000, 0x00000000c2c00000, 0x00000000eab00000)
  object space 45056K, 99% used [0x00000000c0000000,0x00000000c2beb320,0x00000000c2c00000)
 Metaspace       used 6246K, capacity 7216K, committed 7296K, reserved 1056768K
  class space    used 603K, capacity 616K, committed 640K, reserved 1048576K
Event: 17.274 GC heap after
Heap after GC invocations=10 (full 1):
 PSYoungGen      total 139776K, used 12748K [0x00000000eab00000, 0x00000000f4900000, 0x0000000100000000)
  eden space 121856K, 0% used [0x00000000eab00000,0x00000000eab00000,0x00000000f2200000)
  from space 17920K, 71% used [0x00000000f2200000,0x00000000f2e732b8,0x00000000f3380000)
  to   space 13824K, 0% used [0x00000000f3380000,0x00000000f3380000,0x00000000f4100000)
 ParOldGen       total 45056K, used 44735K [0x00000000c0000000, 0x00000000c2c00000, 0x00000000eab00000)
  object space 45056K, 99% used [0x00000000c0000000,0x00000000c2baff60,0x00000000c2c00000)
 Metaspace       used 6246K, capacity 7216K, committed 7296K, reserved 1056768K
  class space    used 603K, capacity 616K, committed 640K, reserved 1048576K
}

