# JRE version: Java(TM) SE Runtime Environment (8.0_60-b27) (build 1.8.0_60-b27)
# Java VM: Java HotSpot(TM) 64-Bit Server VM (25.60-b23 mixed mode windows-amd64 compressed oops)
Heap:
 PSYoungGen      total 240128K, used 123965K [0x00000000eab00000, 0x0000000100000000, 0x0000000100000000)
  eden space 138752K, 67% used [0x00000000eab00000,0x00000000f06814c8,0x00000000f3280000)
  from space 101376K, 29% used [0x00000000f9280000,0x00000000fb00e1a8,0x00000000ff580000)
  to   space 98304K, 0% used [0x00000000f3280000,0x00000000f3280000,0x00000000f9280000)
 ParOldGen       total 365056K, used 244541K [0x00000000c0000000, 0x00000000d6480000, 0x00000000eab00000)
  object space 365056K, 66% used [0x00000000c0000000,0x00000000ceecf510,0x00000000d6480000)
 Metaspace       used 6528K, capacity 7320K, committed 7680K, reserved 1056768K
  class space    used 618K, capacity 656K, committed 768K, reserved 1048576K
GC Heap History (10 events):
Event: 35.347 GC heap before
{Heap before GC invocations=23 (full 4):
 PSYoungGen      total 227328K, used 186607K [0x00000000eab00000, 0x00000000fee00000, 0x0000000100000000)
  eden space 127488K, 100% used [0x00000000eab00000,0x00000000f2780000,0x00000000f2780000)
  from space 99840K, 59% used [0x00000000f8a00000,0x00000000fc3bbc58,0x00000000feb80000)
  to   space 100864K, 0% used [0x00000000f2780000,0x00000000f2780000,0x00000000f8a00000)
 ParOldGen       total 286720K, used 161571K [0x00000000c0000000, 0x00000000d1800000, 0x00000000eab00000)
  object space 286720K, 56% used [0x00000000c0000000,0x00000000c9dc8f38,0x00000000d1800000)
 Metaspace       used 6394K, capacity 7256K, committed 7424K, reserved 1056768K
  class space    used 611K, capacity 656K, committed 768K, reserved 1048576K
Event: 36.787 GC heap after
Heap after GC invocations=23 (full 4):
 PSYoungGen      total 228352K, used 75039K [0x00000000eab00000, 0x0000000100000000, 0x0000000100000000)
  eden space 127488K, 0% used [0x00000000eab00000,0x00000000eab00000,0x00000000f2780000)
  from space 100864K, 74% used [0x00000000f2780000,0x00000000f70c7eb8,0x00000000f8a00000)
  to   space 107008K, 0% used [0x00000000f9780000,0x00000000f9780000,0x0000000100000000)
 ParOldGen       total 286720K, used 198135K [0x00000000c0000000, 0x00000000d1800000, 0x00000000eab00000)
  object space 286720K, 69% used [0x00000000c0000000,0x00000000cc17de00,0x00000000d1800000)
 Metaspace       used 6394K, capacity 7256K, committed 7424K, reserved 1056768K
  class space    used 611K, capacity 656K, committed 768K, reserved 1048576K
}
Event: 38.152 GC heap before
{Heap before GC invocations=24 (full 4):
 PSYoungGen      total 228352K, used 202527K [0x00000000eab00000, 0x0000000100000000, 0x0000000100000000)
  eden space 127488K, 100% used [0x00000000eab00000,0x00000000f2780000,0x00000000f2780000)
  from space 100864K, 74% used [0x00000000f2780000,0x00000000f70c7eb8,0x00000000f8a00000)
  to   space 107008K, 0% used [0x00000000f9780000,0x00000000f9780000,0x0000000100000000)
 ParOldGen       total 286720K, used 198135K [0x00000000c0000000, 0x00000000d1800000, 0x00000000eab00000)
  object space 286720K, 69% used [0x00000000c0000000,0x00000000cc17de00,0x00000000d1800000)
 Metaspace       used 6394K, capacity 7256K, committed 7424K, reserved 1056768K
  class space    used 611K, capacity 656K, committed 768K, reserved 1048576K
Event: 39.378 GC heap after
Heap after GC invocations=24 (full 4):
 PSYoungGen      total 242688K, used 60683K [0x00000000eab00000, 0x0000000100000000, 0x0000000100000000)
  eden space 135680K, 0% used [0x00000000eab00000,0x00000000eab00000,0x00000000f2f80000)
  from space 107008K, 56% used [0x00000000f9780000,0x00000000fd2c2ce0,0x0000000100000000)
  to   space 106496K, 0% used [0x00000000f2f80000,0x00000000f2f80000,0x00000000f9780000)
 ParOldGen       total 286720K, used 270164K [0x00000000c0000000, 0x00000000d1800000, 0x00000000eab00000)
  object space 286720K, 94% used [0x00000000c0000000,0x00000000d07d51c8,0x00000000d1800000)
 Metaspace       used 6394K, capacity 7256K, committed 7424K, reserved 1056768K
  class space    used 611K, capacity 656K, committed 768K, reserved 1048576K
}
Event: 39.378 GC heap before
{Heap before GC invocations=25 (full 5):
 PSYoungGen      total 242688K, used 60683K [0x00000000eab00000, 0x0000000100000000, 0x0000000100000000)
  eden space 135680K, 0% used [0x00000000eab00000,0x00000000eab00000,0x00000000f2f80000)
  from space 107008K, 56% used [0x00000000f9780000,0x00000000fd2c2ce0,0x0000000100000000)
  to   space 106496K, 0% used [0x00000000f2f80000,0x00000000f2f80000,0x00000000f9780000)
 ParOldGen       total 286720K, used 270164K [0x00000000c0000000, 0x00000000d1800000, 0x00000000eab00000)
  object space 286720K, 94% used [0x00000000c0000000,0x00000000d07d51c8,0x00000000d1800000)
 Metaspace       used 6394K, capacity 7256K, committed 7424K, reserved 1056768K
  class space    used 611K, capacity 656K, committed 768K, reserved 1048576K
Event: 44.542 GC heap after
Heap after GC invocations=25 (full 5):
 PSYoungGen      total 242688K, used 0K [0x00000000eab00000, 0x0000000100000000, 0x0000000100000000)
  eden space 135680K, 0% used [0x00000000eab00000,0x00000000eab00000,0x00000000f2f80000)
  from space 107008K, 0% used [0x00000000f9780000,0x00000000f9780000,0x0000000100000000)
  to   space 106496K, 0% used [0x00000000f2f80000,0x00000000f2f80000,0x00000000f9780000)
 ParOldGen       total 365056K, used 201722K [0x00000000c0000000, 0x00000000d6480000, 0x00000000eab00000)
  object space 365056K, 55% used [0x00000000c0000000,0x00000000cc4fe818,0x00000000d6480000)
 Metaspace       used 6394K, capacity 7256K, committed 7424K, reserved 1056768K
  class space    used 611K, capacity 656K, committed 768K, reserved 1048576K
}
Event: 45.694 GC heap before
{Heap before GC invocations=26 (full 5):
 PSYoungGen      total 242688K, used 135680K [0x00000000eab00000, 0x0000000100000000, 0x0000000100000000)
  eden space 135680K, 100% used [0x00000000eab00000,0x00000000f2f80000,0x00000000f2f80000)
  from space 107008K, 0% used [0x00000000f9780000,0x00000000f9780000,0x0000000100000000)
  to   space 106496K, 0% used [0x00000000f2f80000,0x00000000f2f80000,0x00000000f9780000)
 ParOldGen       total 365056K, used 201722K [0x00000000c0000000, 0x00000000d6480000, 0x00000000eab00000)
  object space 365056K, 55% used [0x00000000c0000000,0x00000000cc4fe818,0x00000000d6480000)
 Metaspace       used 6394K, capacity 7256K, committed 7424K, reserved 1056768K
  class space    used 611K, capacity 656K, committed 768K, reserved 1048576K
Event: 46.046 GC heap after
Heap after GC invocations=26 (full 5):
 PSYoungGen      total 180224K, used 44390K [0x00000000eab00000, 0x00000000ff580000, 0x0000000100000000)
  eden space 135680K, 0% used [0x00000000eab00000,0x00000000eab00000,0x00000000f2f80000)
  from space 44544K, 99% used [0x00000000f2f80000,0x00000000f5ad9aa8,0x00000000f5b00000)
  to   space 101376K, 0% used [0x00000000f9280000,0x00000000f9280000,0x00000000ff580000)
 ParOldGen       total 365056K, used 201722K [0x00000000c0000000, 0x00000000d6480000, 0x00000000eab00000)
  object space 365056K, 55% used [0x00000000c0000000,0x00000000cc4fe818,0x00000000d6480000)
 Metaspace       used 6394K, capacity 7256K, committed 7424K, reserved 1056768K
  class space    used 611K, capacity 656K, committed 768K, reserved 1048576K
}
Event: 47.129 GC heap before
{Heap before GC invocations=27 (full 5):
 PSYoungGen      total 180224K, used 180070K [0x00000000eab00000, 0x00000000ff580000, 0x0000000100000000)
  eden space 135680K, 100% used [0x00000000eab00000,0x00000000f2f80000,0x00000000f2f80000)
  from space 44544K, 99% used [0x00000000f2f80000,0x00000000f5ad9aa8,0x00000000f5b00000)
  to   space 101376K, 0% used [0x00000000f9280000,0x00000000f9280000,0x00000000ff580000)
 ParOldGen       total 365056K, used 201722K [0x00000000c0000000, 0x00000000d6480000, 0x00000000eab00000)
  object space 365056K, 55% used [0x00000000c0000000,0x00000000cc4fe818,0x00000000d6480000)
 Metaspace       used 6416K, capacity 7256K, committed 7424K, reserved 1056768K
  class space    used 611K, capacity 656K, committed 768K, reserved 1048576K
Event: 47.394 GC heap after
Heap after GC invocations=27 (full 5):
 PSYoungGen      total 240128K, used 30264K [0x00000000eab00000, 0x0000000100000000, 0x0000000100000000)
  eden space 138752K, 0% used [0x00000000eab00000,0x00000000eab00000,0x00000000f3280000)
  from space 101376K, 29% used [0x00000000f9280000,0x00000000fb00e1a8,0x00000000ff580000)
  to   space 98304K, 0% used [0x00000000f3280000,0x00000000f3280000,0x00000000f9280000)
 ParOldGen       total 365056K, used 244541K [0x00000000c0000000, 0x00000000d6480000, 0x00000000eab00000)
  object space 365056K, 66% used [0x00000000c0000000,0x00000000ceecf510,0x00000000d6480000)
 Metaspace       used 6416K, capacity 7256K, committed 7424K, reserved 1056768K
  class space    used 611K, capacity 656K, committed 768K, reserved 1048576K
}

